
> forget-me-not-progress@0.1.0 start
> next start -p 3000

 ⨯ Failed to start server
Error: listen EADDRINUSE: address already in use :::3000
    at <unknown> (Error: listen EADDRINUSE: address already in use :::3000)
    at new Promise (<anonymous>) {
  code: 'EADDRINUSE',
  errno: -98,
  syscall: 'listen',
  address: '::',
  port: 3000
}

> forget-me-not-progress@0.1.0 dev
> next dev --turbopack

   ▲ Next.js 15.3.4 (Turbopack)
   - Local:        http://localhost:3000
   - Network:      http://170.64.143.57:3000

 ✓ Starting...
 ✓ Ready in 1887ms
 ○ Compiling / ...
 ✓ Compiled / in 17.6s
 GET / 200 in 17028ms
 ⚠ Cross origin request detected from 170.64.143.57 to /_next/* resource. In a future major version of Next.js, you will need to explicitly configure "allowedDevOrigins" in next.config to allow this.
Read more: https://nextjs.org/docs/app/api-reference/config/next-config-js/allowedDevOrigins
 ○ Compiling /favicon.ico ...
 ✓ Compiled /favicon.ico in 5.4s
 GET /favicon.ico?favicon.45db1c09.ico 200 in 5704ms
 GET /api/progress 404 in 5838ms
 GET / 200 in 83ms
 GET /api/progress 404 in 133ms
 GET /favicon.ico?favicon.45db1c09.ico 200 in 305ms
 GET / 200 in 147ms
 GET /api/progress 404 in 93ms
 GET /favicon.ico?favicon.45db1c09.ico 200 in 240ms
 GET /favicon.ico?favicon.45db1c09.ico 200 in 304ms
 HEAD / 200 in 61ms
 GET / 200 in 92ms
 GET /api/progress 404 in 114ms
 GET /favicon.ico?favicon.45db1c09.ico 200 in 258ms
 GET /favicon.ico?favicon.45db1c09.ico 200 in 259ms
 GET / 200 in 80ms
 GET / 200 in 112ms
 GET / 200 in 106ms
 GET /api/progress 404 in 111ms
 GET /favicon.ico?favicon.45db1c09.ico 200 in 296ms
 GET /favicon.ico?favicon.45db1c09.ico 200 in 298ms
 GET / 200 in 99ms
 GET / 200 in 104ms
 GET / 200 in 76ms
 GET /api/progress 404 in 97ms
 GET /favicon.ico?favicon.45db1c09.ico 200 in 292ms
 GET / 200 in 64ms
 GET /api/progress 404 in 65ms
 GET /favicon.ico?favicon.45db1c09.ico 200 in 223ms
 GET / 200 in 84ms
 GET / 200 in 91ms
 GET /favicon.ico?favicon.45db1c09.ico 200 in 236ms
 GET /favicon.ico 200 in 229ms
 GET / 200 in 90ms
 GET / 200 in 75ms
 GET / 200 in 80ms
 GET / 200 in 81ms
 GET /favicon.ico?favicon.45db1c09.ico 200 in 228ms
 GET / 200 in 70ms
 GET /portal/redlion 404 in 70ms
 GET / 200 in 64ms
 GET /api/progress 404 in 108ms
 GET /favicon.ico?favicon.45db1c09.ico 200 in 246ms
 GET / 200 in 159ms
 GET / 200 in 193ms
 GET / 200 in 97ms
 GET / 200 in 96ms
 GET /favicon.ico?favicon.45db1c09.ico 200 in 231ms
 GET /favicon.ico?favicon.45db1c09.ico 200 in 235ms
 GET /favicon.ico?favicon.45db1c09.ico 200 in 234ms
 GET /favicon.ico?favicon.45db1c09.ico 200 in 232ms
 GET /favicon.ico 200 in 225ms
 GET / 200 in 81ms
 GET /robots.txt 404 in 66ms
 GET / 200 in 73ms
 GET /favicon.ico?favicon.45db1c09.ico 200 in 227ms
 GET / 200 in 99ms
 GET / 200 in 81ms
 GET / 200 in 63ms
 GET / 200 in 73ms
 GET / 200 in 57ms
 GET /bin.sh 404 in 62ms
 GET /bin.sh 404 in 59ms
 GET /bin.sh 404 in 53ms
 GET /i 404 in 215ms
 GET /bin.sh 404 in 59ms
 GET /i 404 in 56ms
 GET /bin.sh 404 in 68ms
 GET /i 404 in 52ms
 GET /i 404 in 51ms
 GET /i 404 in 57ms
 GET /arm7 404 in 78ms
 GET /arm7 404 in 49ms
 GET /arm7 404 in 59ms
 GET /arm7 404 in 61ms
 GET /arm7 404 in 102ms
 GET /skid.mips 404 in 74ms
 GET /skid.mips 404 in 70ms
 GET /skid.mips 404 in 78ms
 GET /mips 404 in 59ms
 GET /skid.mips 404 in 52ms
 GET /mips 404 in 66ms
 GET /skid.mips 404 in 55ms
 GET /mips 404 in 52ms
 GET /mips 404 in 49ms
 GET /mips 404 in 71ms
 GET /arm 404 in 77ms
 GET /arm 404 in 75ms
 GET /arm 404 in 86ms
 GET /arm 404 in 59ms
 GET /arm 404 in 98ms
 GET /x86 404 in 71ms
 GET /x86 404 in 60ms
 GET /x86 404 in 60ms
 GET /sh4 404 in 59ms
 GET /x86 404 in 66ms
 GET /sh4 404 in 62ms
 GET /x86 404 in 48ms
 GET /sh4 404 in 59ms
 GET /sh4 404 in 66ms
 GET /sh4 404 in 65ms
 GET /m68k 404 in 46ms
 GET /m68k 404 in 55ms
 GET /m68k 404 in 60ms
 GET /m68k 404 in 58ms
 GET /m68k 404 in 52ms
 GET /skid.mpsl 404 in 53ms
 GET /skid.mpsl 404 in 61ms
 GET /skid.mpsl 404 in 66ms
 GET /skid.mpsl 404 in 61ms
 GET /skid.mpsl 404 in 58ms
 GET /mpsl 404 in 177ms
 GET /mpsl 404 in 57ms
 GET /ppc 404 in 68ms
 GET /mpsl 404 in 46ms
 GET /ppc 404 in 76ms
 GET /mpsl 404 in 51ms
 GET /ppc 404 in 149ms
 GET /mpsl 404 in 58ms
 GET /ppc 404 in 125ms
 GET /ppc 404 in 78ms
 GET /arm5 404 in 66ms
 GET /arm5 404 in 50ms
 GET /arm5 404 in 63ms
 GET /arm5 404 in 47ms
 GET /arm6 404 in 118ms
 GET /arm5 404 in 51ms
 GET /arm6 404 in 108ms
 GET /arm6 404 in 48ms
 GET /spc 404 in 58ms
 GET /arm6 404 in 49ms
 GET /spc 404 in 55ms
 GET /arm6 404 in 49ms
 GET /spc 404 in 48ms
 GET /spc 404 in 59ms
 GET /spc 404 in 46ms
 GET /hiddenbin/boatnet.mpsl 404 in 56ms
 GET /hiddenbin/boatnet.mpsl 404 in 51ms
 GET /hiddenbin/boatnet.mpsl 404 in 48ms
 GET /hiddenbin/boatnet.mpsl 404 in 43ms
 GET /hiddenbin/boatnet.arm6 404 in 56ms
 GET /hiddenbin/boatnet.mpsl 404 in 72ms
 GET /hiddenbin/boatnet.arm6 404 in 65ms
 GET /hiddenbin/boatnet.arm6 404 in 53ms
 GET /hiddenbin/boatnet.arm6 404 in 101ms
 GET /hiddenbin/boatnet.arm6 404 in 52ms
 GET /hiddenbin/boatnet.arm 404 in 80ms
 GET /hiddenbin/boatnet.arm 404 in 53ms
 GET /hiddenbin/boatnet.arm 404 in 59ms
 GET /hiddenbin/boatnet.arm 404 in 52ms
 GET /hiddenbin/boatnet.arm 404 in 49ms
 GET /hiddenbin/boatnet.x86 404 in 45ms
 GET /hiddenbin/boatnet.x86 404 in 84ms
 GET /hiddenbin/boatnet.x86 404 in 57ms
 GET /hiddenbin/boatnet.x86 404 in 47ms
 GET /hiddenbin/boatnet.x86 404 in 49ms
 GET /hiddenbin/boatnet.arm7 404 in 56ms
 GET /hiddenbin/boatnet.arm7 404 in 44ms
 GET /hiddenbin/boatnet.arm7 404 in 50ms
 GET /hiddenbin/boatnet.arm7 404 in 44ms
 GET /hiddenbin/boatnet.arm7 404 in 97ms
 GET /hiddenbin/boatnet.arm5 404 in 49ms
 GET /hiddenbin/boatnet.arm5 404 in 64ms
 GET /hiddenbin/boatnet.arm5 404 in 46ms
 GET /hiddenbin/boatnet.arm5 404 in 53ms
 GET /hiddenbin/boatnet.arm5 404 in 68ms
 GET /hiddenbin/boatnet.mips 404 in 53ms
 GET /hiddenbin/boatnet.mips 404 in 56ms
 GET /hiddenbin/boatnet.mips 404 in 63ms
 GET /hiddenbin/boatnet.mips 404 in 67ms
 GET /hiddenbin/boatnet.mips 404 in 49ms
 GET /hiddenbin/boatnet.ppc 404 in 50ms
 GET /hiddenbin/boatnet.ppc 404 in 151ms
 GET /hiddenbin/boatnet.ppc 404 in 62ms
 GET /hiddenbin/boatnet.m68k 404 in 62ms
 GET /hiddenbin/boatnet.ppc 404 in 82ms
 GET /hiddenbin/boatnet.m68k 404 in 110ms
 GET /hiddenbin/boatnet.ppc 404 in 48ms
 GET /hiddenbin/boatnet.m68k 404 in 45ms
 GET /hiddenbin/boatnet.m68k 404 in 44ms
 GET /hiddenbin/boatnet.m68k 404 in 48ms
 GET /hiddenbin/boatnet.sh4 404 in 70ms
 GET /hiddenbin/boatnet.sh4 404 in 46ms
 GET /hiddenbin/boatnet.sh4 404 in 59ms
 GET /hiddenbin/boatnet.sh4 404 in 53ms
 GET /hiddenbin/boatnet.sh4 404 in 46ms
 GET /mig 404 in 59ms
 GET /mig 404 in 51ms
 GET /mig 404 in 61ms
 GET /mig 404 in 51ms
 GET /mig 404 in 90ms
 GET /debug.dbg 404 in 50ms
 GET /debug.dbg 404 in 50ms
 GET /debug.dbg 404 in 48ms
 GET /t 404 in 49ms
 GET /t 404 in 73ms
 GET /t 404 in 76ms
 GET /t 404 in 50ms
 GET /t 404 in 56ms
 GET /armv5l 404 in 58ms
 GET /armv5l 404 in 52ms
 GET /armv5l 404 in 51ms
 GET /armv5l 404 in 52ms
 GET /armv5l 404 in 62ms
 GET /x86_64 404 in 54ms
 GET /armv4l 404 in 51ms
 GET /armv4l 404 in 46ms
 GET /armv6l 404 in 74ms
 GET /armv4l 404 in 98ms
 GET /armv6l 404 in 66ms
 GET /armv4l 404 in 93ms
 GET /armv4l 404 in 101ms
 GET /armv6l 404 in 133ms
 GET /armv6l 404 in 52ms
 GET /armv6l 404 in 50ms
 GET /mipsel 404 in 62ms
 GET /mipsel 404 in 162ms
 GET /mipsel 404 in 63ms
 GET /mipsel 404 in 64ms
 GET /mipsel 404 in 62ms
 GET /sparc 404 in 48ms
 GET /sparc 404 in 52ms
 GET /sparc 404 in 51ms
 GET /sparc 404 in 57ms
 GET /bot.arm5 404 in 44ms
 GET /sparc 404 in 68ms
 GET /bot.arm5 404 in 49ms
 GET /bot.x86 404 in 52ms
 GET /bot.x86 404 in 54ms
 GET /bot.x86 404 in 55ms
 GET /bot.arm7 404 in 51ms
 GET /bot.x86 404 in 46ms
 GET /bot.arm7 404 in 52ms
 GET /bot.arm7 404 in 44ms
 GET /bot.arm7 404 in 51ms
 GET /bot.arm7 404 in 47ms
 GET /bot.m68k 404 in 45ms
 GET /bot.m68k 404 in 47ms
 GET /bot.m68k 404 in 52ms
 GET /bot.m68k 404 in 43ms
 GET /bot.m68k 404 in 63ms
 GET /bot.mips 404 in 65ms
 GET /bot.mips 404 in 67ms
 GET /bot.mips 404 in 142ms
 GET /bot.mpsl 404 in 194ms
 GET /bot.mips 404 in 65ms
 GET /bot.mpsl 404 in 143ms
 GET /bot.mips 404 in 46ms
 GET /bot.mpsl 404 in 100ms
 GET /bot.mpsl 404 in 49ms
 GET /bot.mpsl 404 in 46ms
 GET /bot.sh4 404 in 44ms
 GET /bot.sh4 404 in 49ms
 GET /bot.sh4 404 in 56ms
 GET /bot.sh4 404 in 45ms
 GET /bot.sh4 404 in 48ms
 GET /bot.x86_64 404 in 55ms
 GET /bot.x86_64 404 in 52ms
 GET /bot.x86_64 404 in 44ms
 GET /bot.x86_64 404 in 49ms
 GET /bot.arm 404 in 53ms
 GET /bot.arm 404 in 51ms
 GET /bot.arm 404 in 68ms
 GET /bot.ppc 404 in 57ms
 GET /bot.arm 404 in 47ms
 GET /bot.ppc 404 in 49ms
 GET /bot.arm 404 in 49ms
 GET /bot.ppc 404 in 43ms
 GET /bot.ppc 404 in 46ms
 GET /bot.ppc 404 in 48ms
 GET /bot.arm6 404 in 43ms
 GET /bot.arm6 404 in 44ms
 GET /bot.arm6 404 in 215ms
 GET /hiddenbin/boatnet.i468 404 in 136ms
 GET /bot.arm6 404 in 50ms
 GET /hiddenbin/boatnet.i468 404 in 189ms
 GET /bot.arm6 404 in 44ms
 GET /hiddenbin/boatnet.i468 404 in 124ms
 GET /hiddenbin/boatnet.i468 404 in 54ms
 GET /hiddenbin/boatnet.i468 404 in 48ms
 GET /hiddenbin/boatnet.i686 404 in 49ms
 GET /hiddenbin/boatnet.i686 404 in 45ms
 GET /hiddenbin/boatnet.i686 404 in 44ms
 GET /hiddenbin/boatnet.i686 404 in 51ms
 GET /hiddenbin/boatnet.spc 404 in 53ms
 GET /hiddenbin/boatnet.spc 404 in 54ms
 GET /hiddenbin/boatnet.spc 404 in 45ms
 GET /hiddenbin/boatnet.spc 404 in 42ms
 GET /hiddenbin/boatnet.x86_64 404 in 54ms
 GET /hiddenbin/boatnet.spc 404 in 49ms
 GET /hiddenbin/boatnet.x86_64 404 in 51ms
 GET /hiddenbin/boatnet.x86_64 404 in 50ms
 GET /hiddenbin/boatnet.x86_64 404 in 57ms
 GET /hiddenbin/boatnet.x86_64 404 in 79ms
 GET /hiddenbin/boatnet.arc 404 in 45ms
 GET /hiddenbin/boatnet.arc 404 in 50ms
 GET /hiddenbin/boatnet.arc 404 in 49ms
 GET /hiddenbin/boatnet.arc 404 in 47ms
 GET /tt/mips64 404 in 57ms
 GET /tt/mips64 404 in 200ms
 GET /tt/mips64 404 in 199ms
 GET /tt/mips64 404 in 115ms
 GET /tt/powerpc 404 in 224ms
 GET /tt/powerpc 404 in 61ms
 GET /tt/powerpc 404 in 54ms
 GET /tt/powerpc 404 in 60ms
 GET /vv/mips64 404 in 46ms
 GET /vv/mips64 404 in 53ms
 GET /vv/mips64 404 in 57ms
 GET /vv/mips64 404 in 63ms
 GET /tt/armv4l 404 in 44ms
 GET /tt/armv4l 404 in 47ms
 GET /tt/armv4l 404 in 59ms
 GET /tt/armv4l 404 in 53ms
 GET /tt/mipsel64 404 in 58ms
 GET /tt/mipsel64 404 in 42ms
 GET /tt/mipsel64 404 in 63ms
 GET /tt/mipsel64 404 in 57ms
 GET /tt/mipsel64 404 in 64ms
 GET /ee/armv4l 404 in 58ms
 GET /ee/armv4l 404 in 86ms
 GET /tt/sparc 404 in 46ms
 GET /tt/sparc 404 in 50ms
 GET /ee/armv4l 404 in 49ms
 GET /tt/sparc 404 in 48ms
 GET /ee/armv4l 404 in 53ms
 GET /tt/sparc 404 in 78ms
 GET /tt/sparc 404 in 48ms
 GET /ee/armv4l 404 in 51ms
 GET /vv/armv6l 404 in 70ms
 GET /vv/armv6l 404 in 49ms
 GET /vv/armv6l 404 in 44ms
 GET /vv/armv6l 404 in 47ms
 GET /vv/armv6l 404 in 49ms
 GET /tt/armv7l 404 in 64ms
 GET /tt/armv7l 404 in 63ms
 GET /tt/armv7l 404 in 51ms
 GET /ee/armv7l 404 in 56ms
 GET /ee/armv7l 404 in 47ms
 GET /vv/armv5l 404 in 51ms
 GET /ee/armv7l 404 in 47ms
 GET /vv/armv5l 404 in 57ms
 GET /ee/armv7l 404 in 49ms
 GET /vv/armv5l 404 in 52ms
 GET /ee/armv7l 404 in 69ms
 GET /vv/armv5l 404 in 53ms
 GET /vv/armv5l 404 in 58ms
 GET /vv/riscv32 404 in 55ms
 GET /vv/riscv32 404 in 51ms
 GET /vv/riscv32 404 in 56ms
 GET /tt/sh4 404 in 157ms
 GET /vv/riscv32 404 in 60ms
 GET /tt/sh4 404 in 67ms
 GET /tt/sh4 404 in 49ms
 GET /tt/sh4 404 in 65ms
 GET /tt/sh4 404 in 56ms
 GET /vv/arc 404 in 50ms
 GET /vv/arc 404 in 44ms
 GET /vv/arc 404 in 49ms
 GET /tt/armv5l 404 in 80ms
 GET /vv/arc 404 in 257ms
 GET /tt/armv5l 404 in 48ms
 GET /tt/armv5l 404 in 45ms
 GET /tt/armv5l 404 in 45ms
 GET /vv/powerpc 404 in 65ms
 GET /tt/armv5l 404 in 98ms
 GET /vv/powerpc 404 in 55ms
 GET /vv/powerpc 404 in 77ms
 GET /vv/powerpc 404 in 55ms
 GET /vv/powerpc 404 in 47ms
 GET /vv/armv7l 404 in 48ms
 GET /vv/armv7l 404 in 45ms
 GET /vv/armv7l 404 in 45ms
 GET /vv/armv7l 404 in 47ms
 GET /vv/armv7l 404 in 54ms
 GET /tt/mipsel 404 in 43ms
 GET /tt/mipsel 404 in 45ms
 GET /tt/mipsel 404 in 47ms
 GET /tt/mipsel 404 in 44ms
 GET /tt/mipsel 404 in 48ms
 GET /vv/mipsel 404 in 78ms
 GET /vv/mipsel 404 in 47ms
 GET /vv/mipsel 404 in 41ms
 GET /vv/mipsel 404 in 46ms
 GET /tt/armv6l 404 in 47ms
 GET /tt/armv6l 404 in 55ms
 GET /tt/armv6l 404 in 44ms
 GET /ee/armv4eb 404 in 46ms
 GET /tt/armv6l 404 in 47ms
 GET /ee/armv4eb 404 in 43ms
 GET /ee/armv4eb 404 in 46ms
 GET /ee/armv4eb 404 in 45ms
 GET /vv/sh4 404 in 41ms
 GET /vv/sh4 404 in 44ms
 GET /vv/sh4 404 in 49ms
 GET /vv/sh4 404 in 49ms
 GET /vv/sh4 404 in 45ms
 GET /vv/armv4eb 404 in 59ms
 GET /vv/armv4eb 404 in 73ms
 GET /vv/armv4eb 404 in 59ms
 GET /vv/armv4eb 404 in 63ms
 GET /ee/armv5l 404 in 50ms
 GET /vv/armv4eb 404 in 41ms
 GET /ee/armv5l 404 in 53ms
 GET /ee/armv5l 404 in 48ms
 GET /ee/armv5l 404 in 42ms
 GET /ee/armv5l 404 in 64ms
 GET /tt/i686 404 in 57ms
 GET /tt/i686 404 in 67ms
 GET /tt/i686 404 in 52ms
 GET /tt/i686 404 in 47ms
 GET /tt/i686 404 in 52ms
 GET /tt/mips 404 in 46ms
 GET /tt/mips 404 in 52ms
 GET /tt/mips 404 in 48ms
 GET /tt/mips 404 in 50ms
 GET /vv/armv4l 404 in 47ms
 GET /vv/armv4l 404 in 45ms
 GET /vv/armv4l 404 in 49ms
 GET /vv/armv4l 404 in 57ms
 GET /vv/armv4l 404 in 46ms
 GET /tt/armv4eb 404 in 47ms
 GET /tt/armv4eb 404 in 42ms
 GET /tt/armv4eb 404 in 44ms
 GET /tt/armv4eb 404 in 43ms
 GET /tt/armv4eb 404 in 43ms
 GET /vv/mips 404 in 56ms
 GET /vv/mips 404 in 43ms
 GET /tt/arc 404 in 44ms
 GET /vv/mips 404 in 47ms
 GET /tt/arc 404 in 52ms
 GET /vv/mips 404 in 47ms
 GET /tt/arc 404 in 44ms
 GET /tt/arc 404 in 43ms
 GET /tt/arc 404 in 60ms
 GET /tt/riscv32 404 in 52ms
 GET /tt/riscv32 404 in 53ms
 GET /tt/riscv32 404 in 50ms
 GET /tt/riscv32 404 in 50ms
 GET /tt/riscv32 404 in 46ms
 GET /vv/i686 404 in 55ms
 GET /vv/i686 404 in 53ms
 GET /vv/i686 404 in 81ms
 GET /vv/sparc 404 in 46ms
 GET /vv/i686 404 in 163ms
 GET /vv/sparc 404 in 56ms
 GET /vv/i686 404 in 95ms
 GET /vv/sparc 404 in 75ms
 GET /vv/sparc 404 in 52ms
 GET /vv/sparc 404 in 51ms
 GET /ee/armv6l 404 in 61ms
 GET /ee/armv6l 404 in 63ms
 GET /ee/armv6l 404 in 47ms
 GET /ee/armv6l 404 in 50ms
 GET /ee/armv6l 404 in 46ms
 GET /hiddenbin/Space.arm7 404 in 55ms
 GET /hiddenbin/Space.arm7 404 in 48ms
 GET /hiddenbin/Space.arm7 404 in 43ms
 GET /hiddenbin/Space.arm7 404 in 60ms
 GET /hiddenbin/Space.arm7 404 in 46ms
 GET /hiddenbin/Space.mpsl 404 in 43ms
 GET /hiddenbin/Space.mpsl 404 in 63ms
 GET /hiddenbin/Space.x86 404 in 50ms
 GET /hiddenbin/Space.mpsl 404 in 107ms
 GET /hiddenbin/Space.x86 404 in 49ms
 GET /hiddenbin/Space.mpsl 404 in 128ms
 GET /hiddenbin/Space.x86 404 in 52ms
 GET /hiddenbin/Space.x86 404 in 49ms
 GET /hiddenbin/Space.x86 404 in 47ms
 GET /hiddenbin/Space.arm6 404 in 48ms
 GET /hiddenbin/Space.arm6 404 in 66ms
 GET /hiddenbin/Space.arm6 404 in 48ms
 GET /hiddenbin/Space.arm6 404 in 55ms
 GET /hiddenbin/Space.arm6 404 in 61ms
 GET /hiddenbin/Space.sh4 404 in 51ms
 GET /hiddenbin/Space.sh4 404 in 64ms
 GET /hiddenbin/Space.sh4 404 in 42ms
 GET /hiddenbin/Space.sh4 404 in 45ms
 GET /hiddenbin/Space.sh4 404 in 48ms
 GET /hiddenbin/Space.mips 404 in 46ms
 GET /hiddenbin/Space.mips 404 in 47ms
 GET /hiddenbin/Space.mips 404 in 43ms
 GET /hiddenbin/Space.mips 404 in 42ms
 GET /hiddenbin/Space.x86_64 404 in 48ms
 GET /hiddenbin/Space.mips 404 in 43ms
 GET /hiddenbin/Space.x86_64 404 in 43ms
 GET /hiddenbin/Space.x86_64 404 in 45ms
 GET /hiddenbin/Space.x86_64 404 in 58ms
 GET /hiddenbin/Space.x86_64 404 in 55ms
 GET /hiddenbin/Space.m68k 404 in 46ms
 GET /hiddenbin/Space.arm 404 in 44ms
 GET /hiddenbin/Space.m68k 404 in 61ms
 GET /hiddenbin/Space.arm 404 in 67ms
 GET /hiddenbin/Space.m68k 404 in 70ms
 GET /hiddenbin/Space.arm 404 in 64ms
 GET /hiddenbin/Space.m68k 404 in 43ms
 GET /hiddenbin/Space.arm 404 in 53ms
 GET /hiddenbin/Space.arm 404 in 58ms
 GET /hiddenbin/Space.ppc 404 in 51ms
 GET /hiddenbin/Space.ppc 404 in 55ms
 GET /hiddenbin/Space.ppc 404 in 45ms
 GET /hiddenbin/Space.arm5 404 in 55ms
 GET /hiddenbin/Space.ppc 404 in 192ms
 GET /hiddenbin/Space.arm5 404 in 59ms
 GET /hiddenbin/Space.ppc 404 in 54ms
 GET /hiddenbin/Space.arm5 404 in 47ms
 GET /aarch64 404 in 54ms
 GET /aarch64 404 in 50ms
 GET /aarch64 404 in 41ms
 GET /aarch64 404 in 53ms
 GET /aarch64 404 in 45ms
 GET /openssh 404 in 48ms
 GET /openssh 404 in 53ms
 GET /openssh 404 in 48ms
 GET /GoldAge3ATOmpsl 404 in 59ms
 GET /openssh 404 in 55ms
 GET /GoldAge3ATOmpsl 404 in 47ms
 GET /openssh 404 in 43ms
 GET /GoldAge3ATOmpsl 404 in 45ms
 GET /GoldAge3ATOmpsl 404 in 46ms
 GET /GoldAge3ATOm68k 404 in 111ms
 GET /GoldAge3ATOm68k 404 in 59ms
 GET /GoldAge3ATOm68k 404 in 64ms
 GET /GoldAge3ATOm68k 404 in 48ms
 GET /tftp 404 in 52ms
 GET /GoldAge3ATOm68k 404 in 58ms
 GET /tftp 404 in 44ms
 GET /tftp 404 in 163ms
 GET /tftp 404 in 67ms
 GET /tftp 404 in 51ms
 GET /GoldAge3ATOarm6 404 in 55ms
 GET /GoldAge3ATOarm6 404 in 54ms
 GET /GoldAge3ATOarm6 404 in 53ms
 GET /GoldAge3ATOarm6 404 in 43ms
 GET /%20 404 in 41ms
 GET /%20 404 in 48ms
 GET /%20 404 in 45ms
 GET /%20 404 in 42ms
 GET /%20 404 in 58ms
 GET /ftp 404 in 46ms
 GET /ftp 404 in 43ms
 GET /ftp 404 in 73ms
 GET /ftp 404 in 45ms
 GET /ftp 404 in 53ms
 GET /GoldAge3ATOarm5 404 in 44ms
 GET /GoldAge3ATOarm5 404 in 60ms
 GET /GoldAge3ATOarm5 404 in 50ms
 GET /GoldAge3ATOarm5 404 in 47ms
 GET /GoldAge3ATOarm5 404 in 43ms
 GET /GoldAge3ATOppc 404 in 43ms
 GET /GoldAge3ATOppc 404 in 54ms
 GET /GoldAge3ATOppc 404 in 51ms
 GET /GoldAge3ATOppc 404 in 46ms
 GET /GoldAge3ATOarm7 404 in 44ms
 GET /GoldAge3ATOarm7 404 in 48ms
 GET /GoldAge3ATOarm7 404 in 89ms
 GET /GoldAge3ATOarm7 404 in 125ms
 GET /GoldAge3ATOarm7 404 in 76ms
 GET /cron 404 in 107ms
 GET /cron 404 in 68ms
 GET /cron 404 in 70ms
 GET /cron 404 in 54ms
 GET /cron 404 in 46ms
 GET /GoldAge3ATOx86 404 in 43ms
 GET /GoldAge3ATOx86 404 in 50ms
 GET /GoldAge3ATOx86 404 in 47ms
 GET /GoldAge3ATOx86 404 in 43ms
 GET /GoldAge3ATOx86 404 in 48ms
 GET /bash 404 in 46ms
 GET /bash 404 in 44ms
 GET /bash 404 in 48ms
 GET /bash 404 in 46ms
 GET /bash 404 in 77ms
 GET /GoldAge3ATOmips 404 in 53ms
 GET /GoldAge3ATOmips 404 in 58ms
 GET /GoldAge3ATOmips 404 in 54ms
 GET /GoldAge3ATOmips 404 in 52ms
 GET /GoldAge3ATOmips 404 in 52ms
 GET /GoldAge3ATOspc 404 in 47ms
 GET /GoldAge3ATOspc 404 in 70ms
 GET /GoldAge3ATOspc 404 in 65ms
 GET /GoldAge3ATOspc 404 in 60ms
 GET /ntpd 404 in 77ms
 GET /ntpd 404 in 52ms
 GET /ntpd 404 in 52ms
 GET /ntpd 404 in 51ms
 GET /ntpd 404 in 41ms
 GET /GoldAge3ATOsh4 404 in 49ms
 GET /GoldAge3ATOsh4 404 in 51ms
 GET /GoldAge3ATOsh4 404 in 45ms
 GET /GoldAge3ATOsh4 404 in 61ms
 GET /GoldAge3ATOsh4 404 in 47ms
 GET /sh 404 in 44ms
 GET /sh 404 in 49ms
 GET /sh 404 in 42ms
 GET /sh 404 in 45ms
 GET /sh 404 in 62ms
 GET /n 404 in 55ms
 GET /n 404 in 45ms
 GET /n 404 in 72ms
 GET /n 404 in 47ms
 GET /n 404 in 57ms
 GET /wget 404 in 54ms
 GET /wget 404 in 48ms
 GET /wget 404 in 49ms
 GET /GoldAge3ATOarm 404 in 62ms
 GET /wget 404 in 139ms
 GET /GoldAge3ATOarm 404 in 57ms
 GET /wget 404 in 179ms
 GET /GoldAge3ATOarm 404 in 67ms
 GET /GoldAge3ATOarm 404 in 64ms
 GET /GoldAge3ATOx64 404 in 52ms
 GET /GoldAge3ATOarm 404 in 73ms
 GET /GoldAge3ATOx64 404 in 49ms
 GET /GoldAge3ATOx64 404 in 44ms
 GET /GoldAge3ATOx64 404 in 54ms
 GET /GoldAge3ATOx64 404 in 65ms
 GET /pftp 404 in 53ms
 GET /pftp 404 in 66ms
 GET /pftp 404 in 42ms
 GET /pftp 404 in 201ms
 GET /apache2 404 in 51ms
 GET /apache2 404 in 45ms
 GET /apache2 404 in 53ms
 GET /apache2 404 in 48ms
 GET /apache2 404 in 51ms
 GET /gx86 404 in 45ms
 GET /gx86 404 in 50ms
 GET /gx86 404 in 45ms
 GET /gx86 404 in 44ms
 GET /gx86 404 in 47ms
 GET /garm7 404 in 54ms
 GET /garm7 404 in 46ms
 GET /garm7 404 in 45ms
 GET /garm7 404 in 44ms
 GET /garm7 404 in 70ms
 GET /garm 404 in 72ms
 GET /garm 404 in 64ms
 GET /garm 404 in 39ms
 GET /garm 404 in 43ms
 GET /garm 404 in 45ms
 GET /garm6 404 in 41ms
 GET /garm6 404 in 66ms
 GET /garm6 404 in 46ms
 GET /garm6 404 in 50ms
 GET /garm6 404 in 43ms
 GET /gmpsl 404 in 48ms
 GET /gmpsl 404 in 41ms
 GET /gmpsl 404 in 61ms
 GET /gmpsl 404 in 52ms
 GET /gmips 404 in 43ms
 GET /gmpsl 404 in 64ms
 GET /gmips 404 in 68ms
 GET /gmips 404 in 55ms
 GET /gmips 404 in 53ms
 GET /gmips 404 in 55ms
 GET /garm5 404 in 41ms
 GET /garm5 404 in 54ms
 GET /garm5 404 in 47ms
 GET /garm5 404 in 62ms
 GET /garm5 404 in 55ms
 GET /bins/dlr.m68k 404 in 50ms
 GET /bins/dlr.m68k 404 in 54ms
 GET /bins/dlr.m68k 404 in 49ms
 GET /bins/dlr.m68k 404 in 62ms
 GET /bins/dlr.m68k 404 in 60ms
 GET /bins/dlr.mips 404 in 43ms
 GET /bins/dlr.mips 404 in 56ms
 GET /bins/dlr.mips 404 in 54ms
 GET /bins/dlr.mips 404 in 46ms
 GET /bins/dlr.mips 404 in 46ms
 GET /bins/dlr.arm6 404 in 50ms
 GET /bins/dlr.arm6 404 in 56ms
 GET /bins/dlr.arm6 404 in 47ms
 GET /bins/dlr.arm6 404 in 44ms
 GET /bins/dlr.arm6 404 in 48ms
 GET /bins/dlr.ppc 404 in 42ms
 GET /bins/dlr.ppc 404 in 45ms
 GET /bins/dlr.ppc 404 in 46ms
 GET /bins/dlr.ppc 404 in 49ms
 GET /bins/dlr.ppc 404 in 43ms
 GET /arc 404 in 43ms
 GET /arc 404 in 83ms
 GET /arc 404 in 52ms
 GET /arc 404 in 46ms
 GET /arc 404 in 45ms
 GET /bins/dlr.sh4 404 in 46ms
 GET /bins/dlr.sh4 404 in 45ms
 GET /bins/dlr.sh4 404 in 46ms
 GET /bins/dlr.sh4 404 in 60ms
 GET /bins/dlr.sh4 404 in 41ms
 GET /bins/dlr.spc 404 in 46ms
 GET /bins/dlr.spc 404 in 56ms
 GET /bins/dlr.spc 404 in 65ms
 GET /bins/dlr.spc 404 in 48ms
 GET /bins/dlr.arm 404 in 43ms
 GET /bins/dlr.spc 404 in 63ms
 GET /bins/dlr.arm 404 in 45ms
 GET /bins/dlr.arm 404 in 46ms
 GET /bins/dlr.arm 404 in 58ms
 GET /bins/dlr.arm 404 in 52ms
 GET /bins/dlr.mpsl 404 in 75ms
 GET /bins/dlr.mpsl 404 in 58ms
 GET /bins/dlr.mpsl 404 in 51ms
 GET /bins/dlr.mpsl 404 in 70ms
 GET /bins/dlr.mpsl 404 in 51ms
 GET /bins/dlr.arm5 404 in 42ms
 GET /bins/dlr.arm5 404 in 54ms
 GET /bins/dlr.arm5 404 in 54ms
 GET /bins/dlr.arm5 404 in 47ms
 GET /bins/dlr.arm5 404 in 93ms
 GET /main_mips 404 in 47ms
 GET /main_mips 404 in 46ms
 GET /main_mips 404 in 51ms
 GET /main_mips 404 in 44ms
 GET /main_mpsl 404 in 43ms
 GET /main_mips 404 in 54ms
 GET /main_mpsl 404 in 91ms
 GET /main_mpsl 404 in 72ms
 GET /main_mpsl 404 in 60ms
 GET /main_mpsl 404 in 52ms
 GET /main_x86_64 404 in 60ms
 GET /main_x86_64 404 in 49ms
 GET /main_x86_64 404 in 45ms
 GET /main_x86_64 404 in 45ms
 GET /main_x86 404 in 42ms
 GET /main_x86 404 in 51ms
 GET /main_x86 404 in 52ms
 GET /main_x86 404 in 62ms
 GET /main_x86 404 in 44ms
 GET /main_sh4 404 in 92ms
 GET /main_sh4 404 in 69ms
 GET /main_sh4 404 in 58ms
 GET /main_sh4 404 in 104ms
 GET /main_sh4 404 in 61ms
 GET /main_ppc 404 in 56ms
 GET /main_ppc 404 in 53ms
 GET /main_ppc 404 in 55ms
 GET /main_ppc 404 in 90ms
 GET /main_ppc 404 in 71ms
 GET /main_m68k 404 in 50ms
 GET /main_m68k 404 in 50ms
 GET /main_m68k 404 in 63ms
 GET /main_m68k 404 in 43ms
 GET /main_m68k 404 in 55ms
 GET /main_arm6 404 in 52ms
 GET /main_arm6 404 in 53ms
 GET /main_arm6 404 in 73ms
 GET /main_arm6 404 in 66ms
 GET /main_arm5 404 in 181ms
 GET /main_arm5 404 in 72ms
 GET /main_arm5 404 in 77ms
 GET /main_arm5 404 in 69ms
 GET /main_arm5 404 in 52ms
 GET /main_arm7 404 in 62ms
 GET /main_arm7 404 in 58ms
 GET /main_arm7 404 in 46ms
 GET /main_arm 404 in 68ms
 GET /main_arm7 404 in 197ms
 GET /main_arm 404 in 50ms
 GET /main_arm7 404 in 123ms
 GET /main_arm 404 in 44ms
 GET /main_arm 404 in 46ms
 GET /main_arm 404 in 48ms
 GET /hiddenbin/boatnet.x86-DEBUG 404 in 60ms
 GET /hiddenbin/boatnet.x86-DEBUG 404 in 40ms
 GET /hiddenbin/boatnet.x86-DEBUG 404 in 42ms
 GET /hiddenbin/boatnet.x86-DEBUG 404 in 68ms
 GET /hiddenbin/boatnet.x86-DEBUG 404 in 55ms
 GET /.i 404 in 51ms
 GET /.i 404 in 54ms
 GET /.i 404 in 91ms
 GET /.i 404 in 55ms
 GET /arm4 404 in 59ms
 GET /arm4 404 in 83ms
 GET /arm4 404 in 181ms
 GET /arm4 404 in 53ms
 GET /arm4 404 in 59ms
 GET /lol.arm7 404 in 45ms
 GET /lol.arm7 404 in 53ms
 GET /lol.arm7 404 in 49ms
 GET /lol.arm7 404 in 42ms
 GET /lol.arm7 404 in 44ms
 GET /lol.mips 404 in 56ms
 GET /lol.mips 404 in 43ms
 GET /lol.mips 404 in 43ms
 GET /lol.mips 404 in 53ms
 GET /lol.mpsl 404 in 54ms
 GET /lol.mips 404 in 45ms
 GET /lol.mpsl 404 in 53ms
 GET /lol.mpsl 404 in 48ms
 GET /lol.mpsl 404 in 52ms
 GET /lol.mpsl 404 in 63ms
 GET /skid.arm7 404 in 47ms
 GET /skid.arm7 404 in 47ms
 GET /skid.arm7 404 in 71ms
 GET /hiddenbin/Space.spc 404 in 58ms
 GET /hiddenbin/Space.spc 404 in 50ms
 GET /skid.arm7 404 in 66ms
 GET /hiddenbin/Space.spc 404 in 41ms
 GET /hiddenbin/Space.spc 404 in 59ms
 GET /hiddenbin/Space.arc 404 in 68ms
 GET /hiddenbin/Space.arc 404 in 51ms
 GET /hiddenbin/Space.arc 404 in 55ms
 GET /hiddenbin/Space.arc 404 in 52ms
 GET /hiddenbin/Space.arc 404 in 71ms
 GET /a-r.m-5.Sakura 404 in 49ms
 GET /a-r.m-5.Sakura 404 in 58ms
 GET /a-r.m-5.Sakura 404 in 57ms
 GET /a-r.m-7.Sakura 404 in 138ms
 GET /a-r.m-5.Sakura 404 in 58ms
 GET /a-r.m-7.Sakura 404 in 169ms
 GET /a-r.m-5.Sakura 404 in 47ms
 GET /a-r.m-7.Sakura 404 in 74ms
 GET /a-r.m-7.Sakura 404 in 53ms
 GET /a-r.m-7.Sakura 404 in 50ms
 GET /a-r.m-4.Sakura 404 in 54ms
 GET /m-6.8-k.Sakura 404 in 91ms
 GET /m-6.8-k.Sakura 404 in 55ms
 GET /m-6.8-k.Sakura 404 in 66ms
 GET /m-6.8-k.Sakura 404 in 63ms
 GET /s-h.4-.Sakura 404 in 178ms
 GET /m-6.8-k.Sakura 404 in 71ms
 GET /s-h.4-.Sakura 404 in 169ms
 GET /s-h.4-.Sakura 404 in 55ms
 GET /s-h.4-.Sakura 404 in 61ms
 GET /s-h.4-.Sakura 404 in 66ms
 GET /m-i.p-s.Sakura 404 in 63ms
 GET /m-i.p-s.Sakura 404 in 56ms
 GET /m-i.p-s.Sakura 404 in 56ms
 GET /m-i.p-s.Sakura 404 in 48ms
 GET /m-i.p-s.Sakura 404 in 63ms
 GET /i-5.8-6.Sakura 404 in 84ms
 GET /i-5.8-6.Sakura 404 in 55ms
 GET /i-5.8-6.Sakura 404 in 53ms
 GET /i-5.8-6.Sakura 404 in 62ms
 GET /p-p.c-.Sakura 404 in 48ms
 GET /i-5.8-6.Sakura 404 in 125ms
 GET /p-p.c-.Sakura 404 in 58ms
 GET /p-p.c-.Sakura 404 in 45ms
 GET /p-p.c-.Sakura 404 in 45ms
 GET /p-p.c-.Sakura 404 in 48ms
 GET /x-8.6-.Sakura 404 in 63ms
 GET /x-8.6-.Sakura 404 in 81ms
 GET /x-8.6-.Sakura 404 in 97ms
 GET /x-8.6-.Sakura 404 in 52ms
 GET /m-p.s-l.Sakura 404 in 52ms
 GET /x-8.6-.Sakura 404 in 53ms
 GET /m-p.s-l.Sakura 404 in 86ms
 GET /m-p.s-l.Sakura 404 in 48ms
 GET /m-p.s-l.Sakura 404 in 45ms
 GET /m-p.s-l.Sakura 404 in 46ms
 GET /x-3.2-.Sakura 404 in 64ms
 GET /x-3.2-.Sakura 404 in 103ms
 GET /x-3.2-.Sakura 404 in 55ms
 GET /x-3.2-.Sakura 404 in 57ms
 GET /x-3.2-.Sakura 404 in 49ms
 GET / 200 in 143ms
 GET /a-r.m-6.Sakura 404 in 67ms
 GET /ajoomk 404 in 59ms
 GET /a-r.m-6.Sakura 404 in 62ms
 GET /ajoomk 404 in 49ms
 GET /a-r.m-6.Sakura 404 in 78ms
 GET /ajoomk 404 in 86ms
 GET /a-r.m-6.Sakura 404 in 118ms
 GET /ajoomk 404 in 62ms
 GET /a-r.m-6.Sakura 404 in 44ms
 GET /ajoomk 404 in 61ms
 GET /qtmzbn 404 in 49ms
 GET /qtmzbn 404 in 44ms
 GET /qtmzbn 404 in 51ms
 GET /qtmzbn 404 in 47ms
 GET /qtmzbn 404 in 53ms
 GET /vtyhat 404 in 45ms
 GET /vtyhat 404 in 52ms
 GET /vtyhat 404 in 70ms
 GET /vtyhat 404 in 47ms
 GET /vtyhat 404 in 56ms
 GET /earyzq 404 in 58ms
 GET /earyzq 404 in 43ms
 GET /earyzq 404 in 44ms
 GET /earyzq 404 in 46ms
 GET /earyzq 404 in 57ms
 GET /nvitpj 404 in 48ms
 GET /nvitpj 404 in 60ms
 GET /nvitpj 404 in 51ms
 GET /qvmxvl 404 in 46ms
 GET /nvitpj 404 in 87ms
 GET /qvmxvl 404 in 43ms
 GET /nvitpj 404 in 48ms
 GET /qvmxvl 404 in 40ms
 GET /qvmxvl 404 in 54ms
 GET /qvmxvl 404 in 47ms
 GET /razdzn 404 in 43ms
 GET /razdzn 404 in 56ms
 GET /razdzn 404 in 45ms
 GET /razdzn 404 in 43ms
 GET /razdzn 404 in 49ms
 GET /fwdfvf 404 in 54ms
 GET /fwdfvf 404 in 44ms
 GET /fwdfvf 404 in 47ms
 GET / 200 in 80ms
 GET /lnkfmx 404 in 47ms
 GET /lnkfmx 404 in 56ms
 GET /lnkfmx 404 in 54ms
 GET /api/progress 404 in 192ms
 GET /favicon.ico?favicon.45db1c09.ico 200 in 269ms
 GET /lnkfmx 404 in 337ms
 GET /lnkfmx 404 in 51ms
 GET /atxhua 404 in 55ms
 GET /atxhua 404 in 56ms
 GET /atxhua 404 in 63ms
 GET /atxhua 404 in 79ms
 GET /atxhua 404 in 49ms
 GET /cemtop 404 in 48ms
 GET /cemtop 404 in 47ms
 GET /cemtop 404 in 61ms
 GET /cemtop 404 in 58ms
 GET /vvglma 404 in 70ms
 GET /cemtop 404 in 49ms
 GET /vvglma 404 in 59ms
 GET /vvglma 404 in 43ms
 GET /vvglma 404 in 44ms
 GET /vvglma 404 in 50ms
 GET /i686 404 in 44ms
 GET /i686 404 in 60ms
 GET /i686 404 in 52ms
 GET /i686 404 in 48ms
 GET /i686 404 in 52ms
 GET /armv7l 404 in 52ms
 GET /armv7l 404 in 47ms
 GET /armv7l 404 in 43ms
 GET /armv7l 404 in 62ms
 GET /armv7l 404 in 51ms
 GET /i586 404 in 48ms
 GET /i486 404 in 43ms
 GET /i586 404 in 50ms
 GET /i486 404 in 42ms
 GET /i586 404 in 42ms
 GET /i486 404 in 90ms
 GET /i586 404 in 50ms
 GET /i486 404 in 45ms
 GET /i586 404 in 42ms
 GET /i486 404 in 57ms
 GET /bins/tCV5vO5tw9z8XJnNLCPzh9rWcP75X3gc4G 404 in 43ms
 GET /bins/tCV5vO5tw9z8XJnNLCPzh9rWcP75X3gc4G 404 in 49ms
 GET /bins/tCV5vO5tw9z8XJnNLCPzh9rWcP75X3gc4G 404 in 44ms
 GET /bins/tCV5vO5tw9z8XJnNLCPzh9rWcP75X3gc4G 404 in 44ms
 GET /bins/wk7VTKwCVeEQJUdhBBXEYBpypx8AKzXuTR 404 in 45ms
 GET /bins/tCV5vO5tw9z8XJnNLCPzh9rWcP75X3gc4G 404 in 44ms
 GET /bins/wk7VTKwCVeEQJUdhBBXEYBpypx8AKzXuTR 404 in 48ms
 GET /bins/wk7VTKwCVeEQJUdhBBXEYBpypx8AKzXuTR 404 in 48ms
 GET /bins/wk7VTKwCVeEQJUdhBBXEYBpypx8AKzXuTR 404 in 47ms
 GET /bins/wk7VTKwCVeEQJUdhBBXEYBpypx8AKzXuTR 404 in 45ms
 GET /bins/1Url4Vmjm3jutDoL4IALrwVcTgwtmfdAki 404 in 64ms
 GET /bins/1Url4Vmjm3jutDoL4IALrwVcTgwtmfdAki 404 in 56ms
 GET /bins/1Url4Vmjm3jutDoL4IALrwVcTgwtmfdAki 404 in 56ms
 GET /bins/1Url4Vmjm3jutDoL4IALrwVcTgwtmfdAki 404 in 43ms
 GET /bins/1Url4Vmjm3jutDoL4IALrwVcTgwtmfdAki 404 in 44ms
 GET /bins/7QHC5pMEH9TTTNrssZuZWwCur8ig80hgfa 404 in 55ms
 GET /bins/7QHC5pMEH9TTTNrssZuZWwCur8ig80hgfa 404 in 44ms
 GET /bins/7QHC5pMEH9TTTNrssZuZWwCur8ig80hgfa 404 in 43ms
 GET /bins/j5pF2uRAfRIrxFbSnk6Wcqg8sFoHfAcw0f 404 in 173ms
 GET /bins/7QHC5pMEH9TTTNrssZuZWwCur8ig80hgfa 404 in 259ms
 GET /bins/j5pF2uRAfRIrxFbSnk6Wcqg8sFoHfAcw0f 404 in 57ms
 GET /bins/j5pF2uRAfRIrxFbSnk6Wcqg8sFoHfAcw0f 404 in 95ms
 GET /bins/j5pF2uRAfRIrxFbSnk6Wcqg8sFoHfAcw0f 404 in 63ms
 GET /bins/j5pF2uRAfRIrxFbSnk6Wcqg8sFoHfAcw0f 404 in 64ms
 GET /bins/kcZ7wDS9Ey1472EBe1Yh1UdgSWJCDpmXmX 404 in 68ms
 GET /bins/kcZ7wDS9Ey1472EBe1Yh1UdgSWJCDpmXmX 404 in 66ms
 GET /bins/kcZ7wDS9Ey1472EBe1Yh1UdgSWJCDpmXmX 404 in 66ms
 GET /bins/kcZ7wDS9Ey1472EBe1Yh1UdgSWJCDpmXmX 404 in 57ms
 GET /bins/kcZ7wDS9Ey1472EBe1Yh1UdgSWJCDpmXmX 404 in 55ms
 GET /bins/ObtRzbXMZ0GLfCR0BK23moxR4k1LgUKj5Q 404 in 47ms
 GET /bins/ObtRzbXMZ0GLfCR0BK23moxR4k1LgUKj5Q 404 in 50ms
 GET /bins/ObtRzbXMZ0GLfCR0BK23moxR4k1LgUKj5Q 404 in 59ms
 GET /bins/ObtRzbXMZ0GLfCR0BK23moxR4k1LgUKj5Q 404 in 84ms
 GET /bins/ObtRzbXMZ0GLfCR0BK23moxR4k1LgUKj5Q 404 in 99ms
 GET /bins/59fT4e3UEmL9oGFEi4nhEPDL9v4liwzVzv 404 in 60ms
 GET /bins/59fT4e3UEmL9oGFEi4nhEPDL9v4liwzVzv 404 in 86ms
 GET /bins/59fT4e3UEmL9oGFEi4nhEPDL9v4liwzVzv 404 in 44ms
 GET /bins/59fT4e3UEmL9oGFEi4nhEPDL9v4liwzVzv 404 in 87ms
 GET /bins/59fT4e3UEmL9oGFEi4nhEPDL9v4liwzVzv 404 in 51ms
 GET /bins/y4cOM46uRtKFAfg7vowXnJ6sPSo9YtWU4q 404 in 73ms
 GET /bins/y4cOM46uRtKFAfg7vowXnJ6sPSo9YtWU4q 404 in 55ms
 GET /bins/y4cOM46uRtKFAfg7vowXnJ6sPSo9YtWU4q 404 in 66ms
 GET /bins/y4cOM46uRtKFAfg7vowXnJ6sPSo9YtWU4q 404 in 49ms
 GET /bins/y4cOM46uRtKFAfg7vowXnJ6sPSo9YtWU4q 404 in 47ms
 GET /bins/qLnWV2Qm5TJZwHN7QmPybNRlLE1HphWjfb 404 in 55ms
 GET /bins/qLnWV2Qm5TJZwHN7QmPybNRlLE1HphWjfb 404 in 46ms
 GET /bins/qLnWV2Qm5TJZwHN7QmPybNRlLE1HphWjfb 404 in 48ms
 GET /jackmysparc 404 in 57ms
 GET /bins/qLnWV2Qm5TJZwHN7QmPybNRlLE1HphWjfb 404 in 58ms
 GET /bins/qLnWV2Qm5TJZwHN7QmPybNRlLE1HphWjfb 404 in 62ms
 GET /jackmysparc 404 in 47ms
 GET /jackmysparc 404 in 47ms
 GET /jackmysparc 404 in 45ms
 GET /jackmysparc 404 in 49ms
 GET /jackmym86k 404 in 55ms
 GET /jackmym86k 404 in 62ms
 GET /jackmym86k 404 in 48ms
 GET /jackmym86k 404 in 51ms
 GET /jackmym86k 404 in 62ms
 GET /jackmypowerpc 404 in 49ms
 GET /jackmypowerpc 404 in 44ms
 GET /jackmypowerpc 404 in 45ms
 GET /jackmypowerpc 404 in 52ms
 GET /jackmypowerpc 404 in 51ms
 GET /jackmysh4 404 in 47ms
 GET /jackmysh4 404 in 51ms
 GET /jackmysh4 404 in 47ms
 GET /jackmyi586 404 in 64ms
 GET /jackmysh4 404 in 46ms
 GET /jackmyi586 404 in 187ms
 GET /jackmysh4 404 in 58ms
 GET /jackmyi586 404 in 172ms
 GET /jackmyi586 404 in 45ms
 GET /jackmyi586 404 in 47ms
 GET / 200 in 54ms
 GET /jackmymips 404 in 65ms
 GET /jackmymips 404 in 55ms
 GET /jackmymips 404 in 71ms
 GET /jackmymips 404 in 57ms
 GET /jackmymips 404 in 83ms
 GET /jackmyx86 404 in 66ms
 GET /jackmyx86 404 in 51ms
 GET /jackmyx86 404 in 55ms
 GET /jackmyx86 404 in 48ms
 GET /jackmyx86 404 in 56ms
 GET /jackmymipsel 404 in 67ms
 GET /jackmymipsel 404 in 59ms
 GET /jackmyarmv6 404 in 54ms
 GET /jackmymipsel 404 in 46ms
 GET /jackmyarmv6 404 in 160ms
 GET /jackmymipsel 404 in 58ms
 GET /jackmymipsel 404 in 59ms
 GET /jackmyi686 404 in 53ms
 GET /jackmyi686 404 in 67ms
 GET /jackmyi686 404 in 67ms
 GET /jackmyi686 404 in 66ms
 GET /jackmyi686 404 in 50ms
 GET /Aqua.spc 404 in 77ms
 GET /Aqua.spc 404 in 48ms
 GET /Aqua.spc 404 in 47ms
 GET /Aqua.spc 404 in 47ms
 GET /Aqua.spc 404 in 60ms
 GET /hiddenbin/boatnet.i486 404 in 57ms
 GET /hiddenbin/boatnet.i486 404 in 49ms
 GET /hiddenbin/boatnet.i486 404 in 55ms
 GET /bins/x86 404 in 65ms
 GET /hiddenbin/boatnet.i486 404 in 67ms
 GET /hiddenbin/boatnet.i486 404 in 60ms
 GET /GuruITDDoS/RpcSecurity.arm6 404 in 42ms
 GET /GuruITDDoS/RpcSecurity.arm6 404 in 49ms
 GET /GuruITDDoS/RpcSecurity.arm6 404 in 47ms
 GET /GuruITDDoS/RpcSecurity.arm6 404 in 71ms
 GET /GuruITDDoS/RpcSecurity.arm6 404 in 52ms
 GET /bins/rift.i486 404 in 55ms
 GET /bins/rift.i486 404 in 57ms
 GET /bins/rift.i486 404 in 57ms
 GET /bins/rift.i486 404 in 57ms
 GET /GuruITDDoS/RpcSecurity.m68k 404 in 259ms
 GET /GuruITDDoS/RpcSecurity.m68k 404 in 92ms
 GET /GuruITDDoS/RpcSecurity.m68k 404 in 90ms
 GET /GuruITDDoS/RpcSecurity.m68k 404 in 59ms
 GET /GuruITDDoS/RpcSecurity.m68k 404 in 65ms
 GET /bins/rift.sh4 404 in 50ms
 GET /bins/rift.sh4 404 in 59ms
 GET /bins/rift.sh4 404 in 50ms
 GET /bins/rift.sh4 404 in 45ms
 GET /bins/rift.sh4 404 in 62ms
 GET /bins/rift.arc 404 in 50ms
 GET /bins/rift.arc 404 in 48ms
 GET /GuruITDDoS/RpcSecurity.x86 404 in 150ms
 GET /bins/rift.arc 404 in 64ms
 GET /GuruITDDoS/RpcSecurity.x86 404 in 203ms
 GET /bins/rift.arc 404 in 78ms
 GET /GuruITDDoS/RpcSecurity.x86 404 in 140ms
 GET /bins/rift.arc 404 in 69ms
 GET /GuruITDDoS/RpcSecurity.x86 404 in 173ms
 GET /GuruITDDoS/RpcSecurity.x86 404 in 46ms
 GET /GuruITDDoS/RpcSecurity.arm5 404 in 72ms
 GET /GuruITDDoS/RpcSecurity.arm5 404 in 50ms
 GET /GuruITDDoS/RpcSecurity.arm5 404 in 102ms
 GET /GuruITDDoS/RpcSecurity.arm5 404 in 43ms
 GET /GuruITDDoS/RpcSecurity.arm5 404 in 93ms
 GET /bins/rift.x86_64 404 in 64ms
 GET /bins/rift.x86_64 404 in 56ms
 GET /bins/rift.x86_64 404 in 48ms
 GET /bins/rift.x86_64 404 in 67ms
 GET /bins/rift.x86_64 404 in 44ms
 GET /GuruITDDoS/RpcSecurity.sh4 404 in 55ms
 GET /GuruITDDoS/RpcSecurity.sh4 404 in 51ms
 GET /GuruITDDoS/RpcSecurity.sh4 404 in 46ms
 GET /GuruITDDoS/RpcSecurity.sh4 404 in 101ms
 GET /GuruITDDoS/RpcSecurity.sh4 404 in 58ms
 GET /bins/rift.ppc 404 in 61ms
 GET /bins/rift.ppc 404 in 49ms
 GET /bins/rift.ppc 404 in 52ms
 GET /bins/rift.ppc 404 in 53ms
 GET /bins/rift.ppc 404 in 61ms
 GET /bins/rift.i686 404 in 49ms
 GET /bins/rift.i686 404 in 52ms
 GET /bins/rift.i686 404 in 44ms
 GET /bins/rift.i686 404 in 69ms
 GET /bins/rift.i686 404 in 53ms
 GET /bins/rift.mpsl 404 in 61ms
 GET /bins/rift.mpsl 404 in 52ms
 GET /bins/rift.mpsl 404 in 65ms
 GET /bins/rift.mpsl 404 in 67ms
 GET /bins/rift.mpsl 404 in 113ms
 GET /bins/rift.mips 404 in 60ms
 GET /bins/rift.mips 404 in 91ms
 GET /bins/rift.mips 404 in 49ms
 GET /bins/rift.mips 404 in 51ms
 GET /bins/rift.mips 404 in 47ms
 GET /GuruITDDoS/RpcSecurity.ppc 404 in 51ms
 GET /GuruITDDoS/RpcSecurity.ppc 404 in 48ms
 GET /GuruITDDoS/RpcSecurity.ppc 404 in 50ms
 GET /bins/rift.spc 404 in 53ms
 GET /GuruITDDoS/RpcSecurity.ppc 404 in 53ms
 GET /bins/rift.spc 404 in 59ms
 GET /GuruITDDoS/RpcSecurity.ppc 404 in 93ms
 GET /bins/rift.spc 404 in 56ms
 GET /bins/rift.spc 404 in 45ms
 GET /bins/rift.spc 404 in 51ms
 GET /bins/rift.arm6 404 in 51ms
 GET /bins/rift.arm6 404 in 45ms
 GET /bins/rift.arm6 404 in 51ms
 GET /bins/rift.arm6 404 in 50ms
 GET /bins/rift.arm6 404 in 65ms
 GET /bins/rift.arm 404 in 53ms
 GET /bins/rift.arm 404 in 48ms
 GET /bins/rift.arm 404 in 50ms
 GET /bins/rift.arm 404 in 51ms
 GET /bins/rift.arm 404 in 59ms
 GET /GuruITDDoS/RpcSecurity.arm 404 in 45ms
 GET /GuruITDDoS/RpcSecurity.arm 404 in 49ms
 GET /GuruITDDoS/RpcSecurity.arm 404 in 50ms
 GET /GuruITDDoS/RpcSecurity.arm 404 in 63ms
 GET /GuruITDDoS/RpcSecurity.arm 404 in 42ms
 GET /bins/rift.m68k 404 in 57ms
 GET /bins/rift.m68k 404 in 53ms
 GET /GuruITDDoS/RpcSecurity.arm7 404 in 70ms
 GET /bins/rift.m68k 404 in 189ms
 GET /GuruITDDoS/RpcSecurity.arm7 404 in 50ms
 GET /bins/rift.m68k 404 in 287ms
 GET /GuruITDDoS/RpcSecurity.arm7 404 in 73ms
 GET /bins/rift.m68k 404 in 160ms
 GET /GuruITDDoS/RpcSecurity.arm7 404 in 47ms
 GET /GuruITDDoS/RpcSecurity.arm7 404 in 47ms
 GET /bins/rift.arm5 404 in 48ms
 GET /bins/rift.arm5 404 in 45ms
 GET /bins/rift.arm5 404 in 46ms
 GET /bins/rift.arm5 404 in 45ms
 GET /bins/rift.arm5 404 in 47ms
 GET /GuruITDDoS/RpcSecurity.mpsl 404 in 47ms
 GET /GuruITDDoS/RpcSecurity.mpsl 404 in 53ms
 GET /GuruITDDoS/RpcSecurity.mpsl 404 in 58ms
 GET /GuruITDDoS/RpcSecurity.mpsl 404 in 51ms
 GET /GuruITDDoS/RpcSecurity.mpsl 404 in 65ms
 GET /bins/sora.arm5 404 in 75ms
 GET /bins/sora.arm5 404 in 44ms
 GET /bins/sora.arm5 404 in 81ms
 GET /bins/sora.arm5 404 in 60ms
 GET /bins/sora.arm5 404 in 58ms
 GET /bins/sora.arm6 404 in 63ms
 GET /bins/sora.arm6 404 in 48ms
 GET /bins/sora.arm6 404 in 53ms
 GET /bins/sora.arm6 404 in 54ms
 GET /bins/sora.sh4 404 in 60ms
 GET /bins/sora.arm6 404 in 90ms
 GET /bins/sora.sh4 404 in 52ms
 GET /bins/sora.sh4 404 in 45ms
 GET /bins/rift.x86 404 in 57ms
 GET /bins/rift.x86 404 in 60ms
 GET /bins/rift.x86 404 in 49ms
 GET /bins/rift.x86 404 in 52ms
 GET /bins/rift.x86 404 in 56ms
 GET /bins/sora.arm 404 in 52ms
 GET /bins/sora.arm 404 in 41ms
 GET /bins/sora.arm 404 in 43ms
 GET /bins/sora.spc 404 in 47ms
 GET /bins/sora.arm 404 in 49ms
 GET /bins/sora.spc 404 in 44ms
 GET /bins/sora.arm 404 in 56ms
 GET /bins/sora.spc 404 in 59ms
 GET /bins/sora.spc 404 in 46ms
 GET /bins/sora.spc 404 in 43ms
 GET /bins/sora.x86 404 in 50ms
 GET /bins/sora.x86 404 in 50ms
 GET /bins/sora.x86 404 in 50ms
 GET /bins/sora.x86 404 in 51ms
 GET /bins/sora.x86 404 in 230ms
 GET / 200 in 299ms
 GET /favicon.ico?favicon.45db1c09.ico 200 in 409ms
 GET /bins/sora.ppc 404 in 56ms
 GET /bins/sora.ppc 404 in 55ms
 GET /bins/sora.m68k 404 in 46ms
 GET /bins/sora.ppc 404 in 124ms
 GET /bins/sora.m68k 404 in 57ms
 GET /bins/sora.ppc 404 in 121ms
 GET /bins/sora.m68k 404 in 46ms
 GET /bins/sora.ppc 404 in 81ms
 GET /bins/sora.m68k 404 in 45ms
 GET /bins/sora.m68k 404 in 47ms
 GET /bins/sora.mpsl 404 in 68ms
 GET /bins/sora.mpsl 404 in 64ms
 GET /bins/sora.mpsl 404 in 61ms
 GET /bins/sora.mpsl 404 in 59ms
 GET /bins/sora.mpsl 404 in 48ms
 GET /bins/sora.arm7 404 in 59ms
 GET /bins/sora.arm7 404 in 49ms
 GET /bins/sora.arm7 404 in 55ms
 GET /bins/sora.arm7 404 in 59ms
 GET /bins/sora.mips 404 in 49ms
 GET /bins/sora.mips 404 in 58ms
 GET /bins/sora.mips 404 in 46ms
 GET /bins/sora.mips 404 in 55ms
 GET /bins/sora.mips 404 in 56ms
 GET /bins/rift.arm7 404 in 98ms
 GET /bins/rift.arm7 404 in 45ms
 GET /bins/rift.arm7 404 in 49ms
 GET /bins/rift.arm7 404 in 44ms
 GET /bins/rift.arm7 404 in 56ms
 GET /boatnet.ppc 404 in 74ms
 GET /boatnet.ppc 404 in 46ms
 GET /boatnet.ppc 404 in 44ms
 GET /boatnet.ppc 404 in 49ms
 GET /boatnet.ppc 404 in 54ms
 GET /boatnet.spc 404 in 58ms
 GET /boatnet.spc 404 in 64ms
 GET /boatnet.spc 404 in 51ms
 GET /boatnet.spc 404 in 54ms
 GET /boatnet.spc 404 in 50ms
 GET /boatnet.arm7 404 in 45ms
 GET /boatnet.arm7 404 in 43ms
 GET /boatnet.arm7 404 in 53ms
 GET /boatnet.arm7 404 in 44ms
 GET /boatnet.arm7 404 in 47ms
 GET /boatnet.arm6 404 in 58ms
 GET /boatnet.arm6 404 in 50ms
 GET /boatnet.arm6 404 in 164ms
 GET /boatnet.arm6 404 in 62ms
 GET /boatnet.arm6 404 in 56ms
 GET /boatnet.m68k 404 in 59ms
 GET /boatnet.m68k 404 in 48ms
 GET /boatnet.m68k 404 in 50ms
 GET /boatnet.m68k 404 in 91ms
 GET /boatnet.arm5 404 in 82ms
 GET /boatnet.m68k 404 in 204ms
 GET /boatnet.arm5 404 in 72ms
 GET /boatnet.arm5 404 in 73ms
 GET /boatnet.arm5 404 in 53ms
 GET /boatnet.arm5 404 in 52ms
 GET /boatnet.x86 404 in 60ms
 GET /boatnet.x86 404 in 57ms
 GET /boatnet.x86 404 in 56ms
 GET /boatnet.x86 404 in 49ms
 GET /boatnet.x86 404 in 64ms
 GET /boatnet.sh4 404 in 61ms
 GET /boatnet.sh4 404 in 55ms
 GET /boatnet.sh4 404 in 47ms
 GET /boatnet.x86_64 404 in 52ms
 GET /boatnet.x86_64 404 in 50ms
 GET /boatnet.x86_64 404 in 46ms
 GET /boatnet.x86_64 404 in 49ms
 GET /boatnet.x86_64 404 in 173ms
 GET /boatnet.arm 404 in 66ms
 GET /boatnet.arm 404 in 66ms
 GET /boatnet.arm 404 in 46ms
 GET /boatnet.arm 404 in 55ms
 GET /boatnet.arm 404 in 49ms
 GET /boatnet.mpsl 404 in 44ms
 GET /boatnet.mpsl 404 in 46ms
 GET /boatnet.mpsl 404 in 49ms
 GET /boatnet.mpsl 404 in 45ms
 GET /boatnet.mpsl 404 in 47ms
 GET /boatnet.mips 404 in 44ms
 GET /boatnet.mips 404 in 50ms
 GET /boatnet.mips 404 in 60ms
 GET /hiddenbin/Space.i686 404 in 54ms
 GET /boatnet.mips 404 in 87ms
 GET /hiddenbin/Space.i686 404 in 57ms
 GET /boatnet.mips 404 in 119ms
 GET /hiddenbin/Space.i686 404 in 43ms
 GET /hiddenbin/Space.i686 404 in 45ms
 GET /hiddenbin/Space.i686 404 in 57ms
 GET /Mozi.m 404 in 63ms
 GET /Mozi.m 404 in 46ms
 GET /Mozi.m 404 in 44ms
 GET /Mozi.m 404 in 45ms
 GET /Mozi.m 404 in 44ms
 GET /bins/arm5 404 in 71ms
 GET /bins/arm5 404 in 80ms
 GET /bins/arm 404 in 101ms
 GET /bins/arm5 404 in 65ms
 GET /bins/arm 404 in 56ms
 GET /bins/arm5 404 in 55ms
 GET /bins/arm 404 in 132ms
 GET /bins/arm5 404 in 62ms
 GET /bins/arm 404 in 180ms
 GET /bins/arm 404 in 62ms
 GET /bins/arm7 404 in 55ms
 GET /bins/arm7 404 in 62ms
 GET /bins/arm7 404 in 125ms
 GET /bins/arm7 404 in 79ms
 GET /bins/arm7 404 in 54ms
 GET /bins/mips 404 in 77ms
 GET /bins/mips 404 in 73ms
 GET /bins/mips 404 in 57ms
 GET /bins/mips 404 in 53ms
 GET /bins/mips 404 in 56ms
 GET /dwrioej/neon.sh4 404 in 85ms
 GET /dwrioej/neon.sh4 404 in 91ms
 GET /dwrioej/neon.sh4 404 in 58ms
 GET /dwrioej/neon.sh4 404 in 65ms
 GET /dwrioej/neon.arc 404 in 62ms
 GET /dwrioej/neon.sh4 404 in 63ms
 GET /dwrioej/neon.arc 404 in 264ms
 GET /dwrioej/neon.arc 404 in 62ms
 GET /dwrioej/neon.arc 404 in 52ms
 GET /dwrioej/neon.arc 404 in 45ms
 GET /dwrioej/neon.mips 404 in 50ms
 GET /dwrioej/neon.mips 404 in 65ms
 GET /dwrioej/neon.mips 404 in 81ms
 GET /dwrioej/neon.mips 404 in 45ms
 GET /dwrioej/neon.mips 404 in 64ms
 GET /dwrioej/neon.x86_64 404 in 65ms
 GET /dwrioej/neon.i686 404 in 86ms
 GET /dwrioej/neon.x86_64 404 in 59ms
 GET /dwrioej/neon.i686 404 in 86ms
 GET /dwrioej/neon.x86_64 404 in 89ms
 GET /dwrioej/neon.i686 404 in 69ms
 GET /dwrioej/neon.x86_64 404 in 56ms
 GET /dwrioej/neon.i686 404 in 58ms
 GET /dwrioej/neon.x86_64 404 in 70ms
 GET /dwrioej/neon.i686 404 in 52ms
 GET /dwrioej/neon.m68k 404 in 80ms
 GET /dwrioej/neon.m68k 404 in 56ms
 GET /dwrioej/neon.m68k 404 in 59ms
 GET /dwrioej/neon.m68k 404 in 62ms
 GET /arm61 404 in 76ms
 GET /dwrioej/neon.m68k 404 in 50ms
 GET /arm61 404 in 61ms
 GET /arm61 404 in 57ms
 GET /arm61 404 in 71ms
 GET /arm61 404 in 46ms
 GET /co 404 in 55ms
 GET /co 404 in 63ms
 GET /co 404 in 50ms
 GET /co 404 in 54ms
 GET /co 404 in 62ms
 GET /dss 404 in 60ms
 GET /dss 404 in 63ms
 GET /dss 404 in 47ms
 GET /586 404 in 43ms
 GET /dss 404 in 53ms
 GET /586 404 in 78ms
 GET /dss 404 in 62ms
 GET /586 404 in 133ms
 GET /586 404 in 68ms
 GET /586 404 in 55ms
 GET /resgod.arc 404 in 43ms
 GET /resgod.arc 404 in 43ms
 GET /resgod.arc 404 in 47ms
 GET /resgod.arc 404 in 49ms
 GET /resgod.arc 404 in 85ms
 GET /resgod.mips 404 in 182ms
 GET /resgod.mips 404 in 43ms
 GET /resgod.mips 404 in 49ms
 GET /resgod.mips 404 in 48ms
 GET /resgod.mips 404 in 48ms
 GET /resgod.x86 404 in 55ms
 GET /resgod.x86 404 in 57ms
 GET /resgod.x86 404 in 84ms
 GET /resgod.x86 404 in 69ms
 GET /resgod.x86 404 in 76ms
 GET /resgod.mpsl 404 in 48ms
 GET /resgod.mpsl 404 in 51ms
 GET /resgod.mpsl 404 in 59ms
 GET /resgod.mpsl 404 in 60ms
 GET /resgod.mpsl 404 in 60ms
 GET /resgod.ppc 404 in 48ms
 GET /resgod.ppc 404 in 62ms
 GET /resgod.ppc 404 in 49ms
 GET /resgod.ppc 404 in 52ms
 GET /resgod.ppc 404 in 45ms
 GET /resgod.sh4 404 in 91ms
 GET /resgod.sh4 404 in 53ms
 GET /resgod.sh4 404 in 56ms
 GET /resgod.sh4 404 in 58ms
 GET /resgod.sh4 404 in 50ms
 GET /resgod.spc 404 in 59ms
 GET /resgod.spc 404 in 55ms
 GET /resgod.spc 404 in 53ms
 GET /resgod.spc 404 in 49ms
 GET /resgod.spc 404 in 50ms
 GET /resgod.m68k 404 in 45ms
 GET /resgod.m68k 404 in 54ms
 GET /resgod.m68k 404 in 41ms
 GET /resgod.m68k 404 in 44ms
 GET /resgod.m68k 404 in 47ms
 GET /resgod.arm7 404 in 52ms
 GET /resgod.arm7 404 in 67ms
 GET / 200 in 72ms
 GET /resgod.arm7 404 in 78ms
 GET /resgod.arm7 404 in 44ms
 GET /resgod.arm5 404 in 50ms
 GET /resgod.arm7 404 in 63ms
 GET /resgod.arm5 404 in 47ms
 GET /resgod.arm5 404 in 58ms
 GET /resgod.arm5 404 in 43ms
 GET /resgod.arm5 404 in 41ms
 GET /resgod.arm 404 in 53ms
 GET /resgod.arm 404 in 47ms
 GET /resgod.arm 404 in 47ms
 GET /resgod.arm 404 in 52ms
 GET /resgod.arm 404 in 195ms
 GET /resgod.arm6 404 in 75ms
 GET /resgod.arm6 404 in 55ms
 GET /Aqua.sh4 404 in 55ms
 GET /resgod.arm6 404 in 151ms
 GET /Aqua.sh4 404 in 69ms
 GET /resgod.arm6 404 in 107ms
 GET /resgod.arm6 404 in 90ms
 GET /Aqua.sh4 404 in 117ms
 GET /Aqua.sh4 404 in 81ms
 GET /Aqua.sh4 404 in 57ms
 GET /Aqua.arm5 404 in 47ms
 GET /Aqua.arm5 404 in 46ms
 GET /Aqua.arm5 404 in 47ms
 GET /Aqua.arm5 404 in 41ms
 GET /Aqua.arm5 404 in 50ms
 GET /Aqua.arm7 404 in 57ms
 GET /Aqua.arm7 404 in 47ms
 GET /Aqua.arm7 404 in 76ms
 GET /Aqua.arm7 404 in 57ms
 GET /Aqua.arm7 404 in 104ms
 GET /Aqua.mips 404 in 54ms
 GET /Aqua.mips 404 in 46ms
 GET /Aqua.mips 404 in 71ms
 GET /Aqua.mips 404 in 55ms
 GET /Aqua.arm6 404 in 47ms
 GET /Aqua.mips 404 in 64ms
 GET /Aqua.arm6 404 in 215ms
 GET /Aqua.arm6 404 in 62ms
 GET /Aqua.arm6 404 in 51ms
 GET /Aqua.arm6 404 in 43ms
 GET /Aqua.ppc 404 in 49ms
 GET /Aqua.ppc 404 in 148ms
 GET /Aqua.ppc 404 in 45ms
 GET /Aqua.arm4 404 in 110ms
 GET /Aqua.arm4 404 in 90ms
 GET /Aqua.arm4 404 in 57ms
 GET /Aqua.x86 404 in 92ms
 GET /Aqua.arm4 404 in 145ms
 GET /Aqua.arm4 404 in 74ms
 GET /Aqua.x86 404 in 116ms
 GET /Aqua.x86 404 in 69ms
 GET /Aqua.x86 404 in 64ms
 GET /Aqua.x86 404 in 64ms
 GET /Aqua.m68k 404 in 50ms
 GET /Aqua.m68k 404 in 49ms
 GET /Aqua.m68k 404 in 69ms
 GET /Aqua.m68k 404 in 56ms
 GET /Aqua.m68k 404 in 97ms
 GET /Aqua.x86_64 404 in 61ms
 GET /Aqua.x86_64 404 in 65ms
 GET /Aqua.x86_64 404 in 72ms
 GET /Aqua.x86_64 404 in 59ms
 GET /Aqua.x86_64 404 in 58ms
 GET /Aqua.mpsl 404 in 92ms
 GET /Aqua.mpsl 404 in 82ms
 GET /Aqua.mpsl 404 in 60ms
 GET /Aqua.mpsl 404 in 47ms
 GET /Aqua.mpsl 404 in 74ms
 GET /Aqua.i686 404 in 126ms
 GET /Aqua.i686 404 in 63ms
 GET /Aqua.i686 404 in 60ms
 GET /Aqua.i686 404 in 53ms
 GET /Aqua.i686 404 in 59ms
 GET /linux 404 in 44ms
 GET /linux 404 in 67ms
 GET /linux 404 in 42ms
 GET /linux 404 in 48ms
 GET /linux 404 in 55ms
 GET /dwrioej/neon.arm 404 in 50ms
 GET /dwrioej/neon.arm 404 in 59ms
 GET /dwrioej/neon.arm 404 in 60ms
 GET /dwrioej/neon.arm 404 in 83ms
 GET /dwrioej/neon.arm 404 in 97ms
 GET /dwrioej/debug 404 in 53ms
 GET /dwrioej/debug 404 in 82ms
 GET /dwrioej/debug 404 in 157ms
 GET /dwrioej/debug 404 in 114ms
 GET /dwrioej/debug 404 in 100ms
 GET /dwrioej/neon.ppc 404 in 55ms
 GET /dwrioej/neon.ppc 404 in 59ms
 GET /dwrioej/neon.ppc 404 in 53ms
 GET /dwrioej/neon.ppc 404 in 76ms
 GET /dwrioej/neon.ppc 404 in 54ms
 GET /dwrioej/neon.arm5 404 in 63ms
 GET /dwrioej/neon.arm5 404 in 92ms
 GET /dwrioej/neon.arm5 404 in 74ms
 GET /dwrioej/neon.spc 404 in 54ms
 GET /dwrioej/neon.spc 404 in 46ms
 GET /dwrioej/neon.spc 404 in 71ms
 GET /dwrioej/neon.arm7 404 in 68ms
 GET /dwrioej/neon.arm7 404 in 71ms
 GET /dwrioej/neon.arm7 404 in 60ms
 GET /dwrioej/neon.arm7 404 in 60ms
 GET /dwrioej/neon.arm7 404 in 58ms
 GET /dwrioej/neon.x86 404 in 49ms
 GET /dwrioej/neon.x86 404 in 57ms
 GET /dwrioej/neon.x86 404 in 71ms
 GET /dwrioej/neon.x86 404 in 91ms
 GET /dwrioej/neon.x86 404 in 50ms
 GET /dwrioej/neon.mpsl 404 in 72ms
 GET /dwrioej/neon.mpsl 404 in 50ms
 GET /dwrioej/neon.mpsl 404 in 51ms
 GET /dwrioej/neon.mpsl 404 in 70ms
 GET /dwrioej/neon.mpsl 404 in 57ms
 GET /dwrioej/neon.arm6 404 in 64ms
 GET /dwrioej/neon.arm6 404 in 70ms
 GET /dwrioej/neon.arm6 404 in 45ms
 GET /dwrioej/neon.arm6 404 in 135ms
 GET /dwrioej/neon.arm6 404 in 47ms
 GET /harm5 404 in 65ms
 GET /harm5 404 in 47ms
 GET /harm5 404 in 46ms
 GET /harm5 404 in 80ms
 GET /harm5 404 in 70ms
 GET /bins/parm 404 in 58ms
 GET /bins/parm 404 in 49ms
 GET /bins/parm 404 in 53ms
 GET /bins/parm 404 in 80ms
 GET /bins/parm 404 in 48ms
 GET /no_killer/Aqua.arm7 404 in 46ms
 GET /no_killer/Aqua.arm7 404 in 48ms
 GET /no_killer/Aqua.arm7 404 in 63ms
 GET /no_killer/Aqua.arm7 404 in 45ms
 GET /no_killer/Aqua.arm7 404 in 163ms
 GET /no_killer/Aqua.mips 404 in 74ms
 GET /no_killer/Aqua.mips 404 in 82ms
 GET /no_killer/Aqua.mips 404 in 50ms
 GET /no_killer/Aqua.mips 404 in 52ms
 GET /no_killer/Aqua.mips 404 in 55ms
 GET /no_killer/Aqua.m68k 404 in 52ms
 GET /no_killer/Aqua.m68k 404 in 52ms
 GET /no_killer/Aqua.m68k 404 in 48ms
 GET /no_killer/Aqua.m68k 404 in 45ms
 GET /no_killer/Aqua.m68k 404 in 57ms
 GET /no_killer/Aqua.x86 404 in 42ms
 GET /no_killer/Aqua.x86 404 in 58ms
 GET /no_killer/Aqua.x86 404 in 50ms
 GET /no_killer/Aqua.x86 404 in 47ms
 GET /no_killer/Aqua.x86 404 in 46ms
 GET /no_killer/Aqua.sh4 404 in 53ms
 GET /no_killer/Aqua.sh4 404 in 77ms
 GET /no_killer/Aqua.sh4 404 in 45ms
 GET /no_killer/Aqua.sh4 404 in 46ms
 GET /no_killer/Aqua.sh4 404 in 65ms
 GET /no_killer/Aqua.mpsl 404 in 54ms
 GET /no_killer/Aqua.arm6 404 in 51ms
 GET /no_killer/Aqua.arm6 404 in 50ms
 GET /no_killer/Aqua.arm6 404 in 79ms
 GET /no_killer/Aqua.arm6 404 in 48ms
 GET /no_killer/Aqua.arm6 404 in 66ms
 GET /no_killer/Aqua.arm5 404 in 69ms
 GET /no_killer/Aqua.arm5 404 in 76ms
 GET /no_killer/Aqua.arm5 404 in 79ms
 GET /no_killer/Aqua.arm5 404 in 53ms
 GET /no_killer/Aqua.arm5 404 in 65ms
 GET /hmips 404 in 59ms
 GET /harm4 404 in 55ms
 GET /hmips 404 in 239ms
 GET /harm4 404 in 65ms
 GET /hmips 404 in 143ms
 GET /harm4 404 in 49ms
 GET /hmips 404 in 51ms
 GET /hmips 404 in 67ms
 GET /harm4 404 in 103ms
 GET /harm4 404 in 49ms
 GET /bins/bongtak.mpsl 404 in 104ms
 GET /bins/bongtak.mpsl 404 in 92ms
 GET /bins/bongtak.mpsl 404 in 77ms
 GET /bins/bongtak.mpsl 404 in 54ms
 GET /bins/bongtak.mpsl 404 in 56ms
 GET /bins/bongtak.x86 404 in 62ms
 GET /bins/bongtak.x86 404 in 48ms
 GET /bins/bongtak.x86 404 in 74ms
 GET /bins/bongtak.x86 404 in 52ms
 GET /bins/bongtak.x86 404 in 54ms
 GET /bins/bongtak.mips 404 in 50ms
 GET /bins/bongtak.mips 404 in 54ms
 GET /bins/bongtak.mips 404 in 106ms
 GET /bins/bongtak.mips 404 in 70ms
 GET /bins/bongtak.mips 404 in 48ms
 GET /bins/bongtak.arm6 404 in 62ms
 GET /bins/bongtak.arm6 404 in 52ms
 GET /bins/bongtak.arm6 404 in 69ms
 GET /bins/bongtak.arm6 404 in 57ms
 GET /bins/bongtak.arm6 404 in 48ms
 GET /bins/bongtak.x86_64 404 in 46ms
 GET /bins/bongtak.x86_64 404 in 60ms
 GET /bins/bongtak.x86_64 404 in 60ms
 GET /bins/bongtak.x86_64 404 in 50ms
 GET /bins/bongtak.x86_64 404 in 45ms
 GET /bins/bongtak.arm7 404 in 49ms
 GET /bins/bongtak.arm7 404 in 45ms
 GET /bins/bongtak.arm7 404 in 50ms
 GET /bins/bongtak.arm7 404 in 57ms
 GET /bins/bongtak.arm5 404 in 65ms
 GET /bins/bongtak.arm7 404 in 55ms
 GET /bins/bongtak.arm5 404 in 49ms
 GET /bins/bongtak.arm5 404 in 63ms
 GET /bins/bongtak.arm5 404 in 47ms
 GET /bins/bongtak.arm5 404 in 51ms
 GET /bins/bongtak.ppc 404 in 51ms
 GET /bins/bongtak.ppc 404 in 50ms
 GET /bins/bongtak.ppc 404 in 65ms
 GET /bins/bongtak.ppc 404 in 66ms
 GET /bins/bongtak.ppc 404 in 50ms
 GET /bins/bongtak.sh4 404 in 99ms
 GET /bins/bongtak.sh4 404 in 90ms
 GET /bins/bongtak.sh4 404 in 59ms
 GET /bins/bongtak.sh4 404 in 98ms
 GET /bins/bongtak.sh4 404 in 61ms
 GET /bins/bongtak.arm 404 in 57ms
 GET /bins/bongtak.arm 404 in 59ms
 GET /bins/bongtak.arm 404 in 55ms
 GET /bins/bongtak.arm 404 in 75ms
 GET /bins/bongtak.m68k 404 in 179ms
 GET /bins/bongtak.arm 404 in 59ms
 GET /bins/bongtak.m68k 404 in 204ms
 GET /bins/bongtak.m68k 404 in 51ms
 GET /bins/bongtak.m68k 404 in 54ms
 GET /bins/bongtak.m68k 404 in 50ms
 GET /bins/bongtak.spc 404 in 59ms
 GET /bins/bongtak.spc 404 in 58ms
 GET /bins/bongtak.spc 404 in 50ms
 GET /bins/bongtak.spc 404 in 56ms
 GET /bins/bongtak.spc 404 in 55ms
 GET /nsharm5 404 in 98ms
 GET /nsharm5 404 in 65ms
 GET /nsharm5 404 in 75ms
 GET /nsharm5 404 in 58ms
 GET /nsharm5 404 in 46ms
 GET /nshmpsl 404 in 86ms
 GET /nshmpsl 404 in 53ms
 GET /nshmpsl 404 in 72ms
 GET /nshmpsl 404 in 62ms
 GET /nshmpsl 404 in 64ms
 GET /nshmips 404 in 207ms
 GET /nshmips 404 in 49ms
 GET /nshmips 404 in 85ms
 GET /nshmips 404 in 53ms
 GET /nshmips 404 in 58ms
 GET /nsharm 404 in 56ms
 GET /nsharm 404 in 54ms
 GET /nsharm 404 in 48ms
 GET /nsharm 404 in 69ms
 GET /nsharm 404 in 55ms
 GET /nshppc 404 in 65ms
 GET /nshppc 404 in 58ms
 GET /nshppc 404 in 48ms
 GET /nshppc 404 in 75ms
 GET /nshppc 404 in 70ms
 GET /nsharm7 404 in 60ms
 GET /nsharm7 404 in 57ms
 GET /nsharm7 404 in 58ms
 GET /nsharm7 404 in 59ms
 GET /nsharm7 404 in 44ms
 GET /nshsh4 404 in 59ms
 GET /nshsh4 404 in 50ms
 GET /nshsh4 404 in 58ms
 GET /nshsh4 404 in 62ms
 GET /nshsh4 404 in 66ms
 GET /nsharm6 404 in 163ms
 GET /nsharm6 404 in 54ms
 GET /nsharm6 404 in 63ms
 GET /nsharm6 404 in 66ms
 GET /nsharm6 404 in 48ms
 GET /bins/arc 404 in 60ms
 GET /bins/arc 404 in 65ms
 GET /bins/arc 404 in 46ms
 GET /bins/arc 404 in 53ms
 GET /bins/arc 404 in 62ms
 GET /dc 404 in 44ms
 GET /dc 404 in 70ms
 GET /dc 404 in 50ms
 GET /dc 404 in 48ms
 GET /dc 404 in 50ms
 GET /bins/i686 404 in 66ms
 GET /bins/i686 404 in 52ms
 GET /bins/i686 404 in 77ms
 GET /bins/i686 404 in 50ms
 GET /bins/i686 404 in 49ms
 GET /bins/mpsl 404 in 70ms
 GET /bins/mpsl 404 in 52ms
 GET /bins/mpsl 404 in 65ms
 GET /bins/mpsl 404 in 85ms
 GET /bins/mpsl 404 in 50ms
 GET /bins/arm4 404 in 66ms
 GET /bins/arm4 404 in 53ms
 GET /bins/arm4 404 in 50ms
 GET /bins/arm4 404 in 52ms
 GET /bins/arm4 404 in 52ms
 GET /bins/m68k 404 in 48ms
 GET /bins/m68k 404 in 54ms
 GET /bins/m68k 404 in 49ms
 GET /bins/m68k 404 in 45ms
 GET /bins/m68k 404 in 53ms
 GET /bins/ppc 404 in 57ms
 GET /bins/ppc 404 in 57ms
 GET /bins/ppc 404 in 51ms
 GET /bins/ppc 404 in 49ms
 GET /bins/sh4 404 in 67ms
 GET /bins/ppc 404 in 162ms
 GET /bins/sh4 404 in 47ms
 GET /bins/sh4 404 in 63ms
 GET /bins/sh4 404 in 60ms
 GET /bins/sh4 404 in 47ms
 GET /bins/arm6 404 in 58ms
 GET /bins/arm6 404 in 68ms
 GET /bins/arm6 404 in 56ms
 GET /bins/arm6 404 in 45ms
 GET /bins/arm6 404 in 51ms
 GET /bins/spc 404 in 60ms
 GET /bins/spc 404 in 69ms
 GET /bins/spc 404 in 65ms
 GET /bins/spc 404 in 66ms
 GET /bins/spc 404 in 81ms
 GET /bins/pmpsl 404 in 55ms
 GET /bins/pmpsl 404 in 58ms
 GET /bins/pmpsl 404 in 51ms
 GET /bins/pmpsl 404 in 80ms
 GET /bins/pmpsl 404 in 52ms
 GET /bins/psh4 404 in 72ms
 GET /bins/psh4 404 in 66ms
 GET /bins/psh4 404 in 57ms
 GET /bins/psh4 404 in 63ms
 GET /bins/psh4 404 in 47ms
 GET /bins/parm6 404 in 48ms
 GET /bins/parm6 404 in 61ms
 GET /bins/parm6 404 in 72ms
 GET /bins/parm6 404 in 61ms
 GET /bins/parm6 404 in 158ms
 GET / 200 in 115ms
 GET /bins/pm68k 404 in 54ms
 GET /bins/pm68k 404 in 54ms
 GET /bins/pm68k 404 in 57ms
 GET /bins/pm68k 404 in 57ms
 GET /bins/pm68k 404 in 56ms
 GET /bins/px86 404 in 56ms
 GET /bins/px86 404 in 73ms
 GET /bins/px86 404 in 83ms
 GET /bins/px86 404 in 50ms
 GET /bins/px86 404 in 44ms
 GET /bins/parm5 404 in 68ms
 GET /bins/parm5 404 in 50ms
 GET /bins/parm5 404 in 62ms
 GET /bins/parm5 404 in 55ms
 GET /bins/parm5 404 in 56ms
 GET /bins/pspc 404 in 75ms
 GET /bins/pspc 404 in 50ms
 GET /bins/pspc 404 in 47ms
 GET /bins/pspc 404 in 46ms
 GET /bins/pspc 404 in 42ms
 GET /bins/parm7 404 in 91ms
 GET /bins/parm7 404 in 77ms
 GET /bins/parm7 404 in 71ms
 GET /bins/parm7 404 in 67ms
 GET /bins/parm7 404 in 49ms
 GET /bins/pmips 404 in 75ms
 GET /bins/pmips 404 in 112ms
 GET /skid.arm5 404 in 111ms
 GET /bins/pmips 404 in 357ms
 GET /skid.arm5 404 in 95ms
 GET /bins/pmips 404 in 330ms
 GET /bins/pmips 404 in 118ms
 GET /skid.arm5 404 in 233ms
 GET /skid.arm5 404 in 76ms
 GET /skid.arm5 404 in 58ms
 GET /skid.arm6 404 in 55ms
 GET /skid.arm6 404 in 62ms
 GET /skid.arm6 404 in 52ms
 GET /skid.arm6 404 in 79ms
 GET /skid.arm6 404 in 64ms
 GET /mqms 404 in 57ms
 GET /mqms 404 in 49ms
 GET /mqms 404 in 46ms
 GET /mqms 404 in 166ms
 GET /mqms 404 in 74ms
 GET /mqppc 404 in 53ms
 GET /mqppc 404 in 50ms
 GET /mqppc 404 in 51ms
 GET /mqppc 404 in 64ms
 GET /mqppc 404 in 64ms
 GET /mqar5 404 in 65ms
 GET /mqar5 404 in 66ms
 GET /mqar5 404 in 59ms
 GET /mqar5 404 in 44ms
 GET /mqar5 404 in 53ms
 GET / 200 in 87ms
 GET /mqm68k 404 in 98ms
 GET /mqm68k 404 in 76ms
 GET /mqm68k 404 in 49ms
 GET /mqm68k 404 in 76ms
 GET /mqm68k 404 in 60ms
 GET /mqi586 404 in 60ms
 GET /mqi586 404 in 52ms
 GET /mqi586 404 in 55ms
 GET /mqi586 404 in 62ms
 GET /mqi586 404 in 58ms
 GET /mqar7 404 in 74ms
 GET /mqar7 404 in 49ms
 GET /mqar7 404 in 62ms
 GET /mqar7 404 in 41ms
 GET /mqar7 404 in 54ms
 GET /mqsh 404 in 78ms
 GET /mqsh 404 in 48ms
 GET /mqsh 404 in 49ms
 GET /mqsh 404 in 54ms
 GET /mqsh 404 in 49ms
 GET /mqml 404 in 53ms
 GET /mqml 404 in 62ms
 GET /mqml 404 in 74ms
 GET /mqml 404 in 50ms
 GET /mqml 404 in 79ms
 GET /mqi686 404 in 95ms
 GET /mqi686 404 in 98ms
 GET /mqi686 404 in 193ms
 GET /mqi686 404 in 63ms
 GET /mqi686 404 in 57ms
 GET /mqar4 404 in 45ms
 GET /mqar4 404 in 50ms
 GET /mqar4 404 in 52ms
 GET /mqar4 404 in 75ms
 GET /mqar4 404 in 61ms
 GET /mq86 404 in 56ms
 GET /mq86 404 in 57ms
 GET /mq86 404 in 50ms
 GET /mq86 404 in 54ms
 GET /mq86 404 in 51ms
 GET /mqspcr 404 in 62ms
 GET /mqspcr 404 in 51ms
 GET /mqspcr 404 in 48ms
 GET /mqspcr 404 in 49ms
 GET /mqspcr 404 in 55ms
 GET /mqar6 404 in 74ms
 GET /mqar6 404 in 71ms
 GET /mqar6 404 in 61ms
 GET /mqar6 404 in 49ms
 GET /mqar6 404 in 50ms
 GET /bot.spc 404 in 52ms
 GET /bot.spc 404 in 50ms
 GET /bot.spc 404 in 50ms
 GET /bot.spc 404 in 46ms
 GET /bot.spc 404 in 56ms
 GET /bejv86 404 in 56ms
 GET /bejv86 404 in 49ms
 GET /bejv86 404 in 42ms
 GET /bejv86 404 in 50ms
 GET /bejv86 404 in 126ms
 GET /rjfe686 404 in 160ms
 GET /rjfe686 404 in 102ms
 GET /efjepc 404 in 101ms
 GET /rjfe686 404 in 344ms
 GET /rjfe686 404 in 210ms
 GET /efjepc 404 in 224ms
 GET /rjfe686 404 in 83ms
 GET /efjepc 404 in 162ms
 GET /efjepc 404 in 148ms
 GET /efjepc 404 in 105ms
 GET /vejfa5 404 in 129ms
 GET /vejfa5 404 in 88ms
 GET /vejfa5 404 in 126ms
 GET /vejfa5 404 in 396ms
 GET /vejfa5 404 in 311ms
 GET /rrrdsl 404 in 141ms
 GET /rrrdsl 404 in 130ms
 GET /rrrdsl 404 in 145ms
 GET /rrrdsl 404 in 86ms
 GET /rrrdsl 404 in 117ms
 GET /weje64 404 in 126ms
 GET /weje64 404 in 98ms
 GET /weje64 404 in 126ms
 GET /weje64 404 in 89ms
 GET /weje64 404 in 123ms
 GET /vjwe68k 404 in 145ms
 GET /vjwe68k 404 in 80ms
 GET /vjwe68k 404 in 141ms
 GET /vjwe68k 404 in 79ms
 GET /vjwe68k 404 in 101ms
 GET /eehah4 404 in 130ms
 GET /eehah4 404 in 92ms
 GET /eehah4 404 in 152ms
 GET /eehah4 404 in 122ms
 GET /eehah4 404 in 277ms
 GET /efea6 404 in 167ms
 GET /efea6 404 in 133ms
 GET /efea6 404 in 130ms
 GET /efea6 404 in 224ms
 GET /efea6 404 in 158ms
 GET /jfeeps 404 in 93ms
 GET /jfeeps 404 in 105ms
 GET /jfeeps 404 in 135ms
 GET /jfeeps 404 in 148ms
 GET /jfeeps 404 in 154ms
 GET /bins/x86_64 404 in 92ms
 GET /bins/x86_64 404 in 85ms
 GET /bins/x86_64 404 in 141ms
 GET /bins/x86_64 404 in 118ms
 GET /bins/x86_64 404 in 140ms
 GET /masjesuscan 404 in 146ms
 GET /masjesuscan 404 in 168ms
 GET /masjesuscan 404 in 112ms
 GET /masjesuscan 404 in 112ms
 GET /skid.arm 404 in 79ms
 GET /masjesuscan 404 in 290ms
 GET /skid.arm 404 in 64ms
 GET /skid.arm 404 in 134ms
 GET /skid.arm 404 in 98ms
 GET /skid.arm 404 in 132ms
 GET /bins/sora.i686 404 in 116ms
 GET /bins/sora.i686 404 in 101ms
 GET /bins/sora.i686 404 in 145ms
 GET /bins/sora.i686 404 in 154ms
 GET /bins/sora.i686 404 in 86ms
 GET /bins/sora.x86_64 404 in 93ms
 GET /bins/sora.x86_64 404 in 105ms
 GET /bins/sora.x86_64 404 in 107ms
 GET /bins/sora.x86_64 404 in 130ms
 GET /bins/sora.x86_64 404 in 81ms
 GET /main_spc 404 in 127ms
 GET /main_spc 404 in 110ms
 GET /main_spc 404 in 109ms
 GET /main_spc 404 in 128ms
 GET /main_spc 404 in 240ms
 GET /Mozi.a 404 in 132ms
 GET /Mozi.a 404 in 114ms
 GET /Mozi.a 404 in 121ms
 GET /Mozi.a 404 in 88ms
 GET /Mozi.a 404 in 475ms
 GET /t/arm7 404 in 124ms
 GET /t/arm7 404 in 132ms
 GET /t/arm7 404 in 82ms
 GET /t/arm7 404 in 160ms
 GET /t/arm7 404 in 101ms
 GET / 200 in 145ms
 GET /favicon.ico?favicon.45db1c09.ico 200 in 284ms
 GET /bins/spim 404 in 88ms
 GET /bins/spim 404 in 104ms
 GET / 200 in 151ms
 GET /spim 404 in 102ms
 GET /spim 404 in 130ms
 GET / 200 in 109ms
 GET / 200 in 173ms
 GET / 200 in 175ms
 GET / 200 in 146ms
